<?xml version="1.0" encoding="UTF-8"?>
<!-- Generated by org.testng.reporters.JUnitReportReporter -->
<testsuite hostname="DESKTOP-4OQ7L4A" failures="0" tests="1" name="Scripts.TestCase2" time="22.439" errors="0" timestamp="2023-10-27T06:34:46 BST" skipped="0">
  <testcase classname="Scripts.TestCase2" name="tc2" time="22.439"/>
</testsuite> <!-- Scripts.TestCase2 -->
