<?xml version="1.0" encoding="UTF-8"?>
<!-- Generated by org.testng.reporters.JUnitReportReporter -->
<testsuite hostname="DESKTOP-4OQ7L4A" failures="0" tests="1" name="Scripts.TestCase1" time="36.742" errors="0" timestamp="2023-10-27T06:50:44 BST" skipped="0">
  <testcase classname="Scripts.TestCase1" name="tc1" time="36.742"/>
</testsuite> <!-- Scripts.TestCase1 -->
